

############################
Mon Feb 29 09:11:30 CET 2016
/home/romain/SVN/scripts/romain/QA
/home/global//freesurfer5.3//tktools/tksurfer.bin BLOMME^DIDIER_I_CERE_2014-03-14 lh pial 
############################


############################
Mon Feb 29 09:11:39 CET 2016
/home/romain/SVN/scripts/romain/QA
/home/global//freesurfer5.3//tktools/tksurfer.bin BLOMME^DIDIER_I_CERE_2014-03-14 lh inflated 
############################


############################
Mon Feb 29 09:11:55 CET 2016
/home/romain/SVN/scripts/romain/QA
/home/global//freesurfer5.3//tktools/tksurfer.bin BLOMME^DIDIER_I_CERE_2014-03-14 rh pial 
############################


############################
Mon Feb 29 09:12:00 CET 2016
/home/romain/SVN/scripts/romain/QA
/home/global//freesurfer5.3//tktools/tksurfer.bin BLOMME^DIDIER_I_CERE_2014-03-14 rh inflated 
############################


############################
Mon Feb 29 09:12:05 CET 2016
/home/romain/SVN/scripts/romain/QA
/home/global//freesurfer5.3//tktools/tksurfer.bin BOURDOT^ALAIN_I_CERE_2014-02-18 lh pial 
############################


############################
Mon Feb 29 09:12:11 CET 2016
/home/romain/SVN/scripts/romain/QA
/home/global//freesurfer5.3//tktools/tksurfer.bin BOURDOT^ALAIN_I_CERE_2014-02-18 lh inflated 
############################


############################
Mon Feb 29 09:12:15 CET 2016
/home/romain/SVN/scripts/romain/QA
/home/global//freesurfer5.3//tktools/tksurfer.bin BOURDOT^ALAIN_I_CERE_2014-02-18 rh pial 
############################


############################
Mon Feb 29 09:12:19 CET 2016
/home/romain/SVN/scripts/romain/QA
/home/global//freesurfer5.3//tktools/tksurfer.bin BOURDOT^ALAIN_I_CERE_2014-02-18 rh inflated 
############################


############################
Mon Feb 29 09:12:24 CET 2016
/home/romain/SVN/scripts/romain/QA
/home/global//freesurfer5.3//tktools/tksurfer.bin CHICOT^RAYMOND_IRM_CEREBRALE_2014-02-13 lh pial 
############################


############################
Mon Feb 29 09:12:28 CET 2016
/home/romain/SVN/scripts/romain/QA
/home/global//freesurfer5.3//tktools/tksurfer.bin CHICOT^RAYMOND_IRM_CEREBRALE_2014-02-13 lh inflated 
############################


############################
Mon Feb 29 09:12:33 CET 2016
/home/romain/SVN/scripts/romain/QA
/home/global//freesurfer5.3//tktools/tksurfer.bin CHICOT^RAYMOND_IRM_CEREBRALE_2014-02-13 rh pial 
############################


############################
Mon Feb 29 09:12:39 CET 2016
/home/romain/SVN/scripts/romain/QA
/home/global//freesurfer5.3//tktools/tksurfer.bin CHICOT^RAYMOND_IRM_CEREBRALE_2014-02-13 rh inflated 
############################


############################
Mon Feb 29 09:12:44 CET 2016
/home/romain/SVN/scripts/romain/QA
/home/global//freesurfer5.3//tktools/tksurfer.bin DUQUESNOY^STEPHANE_I_CERE_2014-02-18 lh pial 
############################


############################
Mon Feb 29 09:12:49 CET 2016
/home/romain/SVN/scripts/romain/QA
/home/global//freesurfer5.3//tktools/tksurfer.bin DUQUESNOY^STEPHANE_I_CERE_2014-02-18 lh inflated 
############################


############################
Mon Feb 29 09:12:53 CET 2016
/home/romain/SVN/scripts/romain/QA
/home/global//freesurfer5.3//tktools/tksurfer.bin DUQUESNOY^STEPHANE_I_CERE_2014-02-18 rh pial 
############################


############################
Mon Feb 29 09:12:58 CET 2016
/home/romain/SVN/scripts/romain/QA
/home/global//freesurfer5.3//tktools/tksurfer.bin DUQUESNOY^STEPHANE_I_CERE_2014-02-18 rh inflated 
############################


############################
Mon Feb 29 09:13:02 CET 2016
/home/romain/SVN/scripts/romain/QA
/home/global//freesurfer5.3//tktools/tksurfer.bin GHOUL^RABAH_I_CERE_2015-10-22 lh pial 
############################


############################
Mon Feb 29 09:13:10 CET 2016
/home/romain/SVN/scripts/romain/QA
/home/global//freesurfer5.3//tktools/tksurfer.bin GHOUL^RABAH_I_CERE_2015-10-22 lh inflated 
############################


############################
Mon Feb 29 09:13:15 CET 2016
/home/romain/SVN/scripts/romain/QA
/home/global//freesurfer5.3//tktools/tksurfer.bin GHOUL^RABAH_I_CERE_2015-10-22 rh pial 
############################


############################
Mon Feb 29 09:13:19 CET 2016
/home/romain/SVN/scripts/romain/QA
/home/global//freesurfer5.3//tktools/tksurfer.bin GHOUL^RABAH_I_CERE_2015-10-22 rh inflated 
############################


############################
Mon Feb 29 09:13:23 CET 2016
/home/romain/SVN/scripts/romain/QA
/home/global//freesurfer5.3//tktools/tksurfer.bin LINNE^PATRICK_I_CERE_2013-12-18 lh pial 
############################


############################
Mon Feb 29 09:13:28 CET 2016
/home/romain/SVN/scripts/romain/QA
/home/global//freesurfer5.3//tktools/tksurfer.bin LINNE^PATRICK_I_CERE_2013-12-18 lh inflated 
############################


############################
Mon Feb 29 09:13:35 CET 2016
/home/romain/SVN/scripts/romain/QA
/home/global//freesurfer5.3//tktools/tksurfer.bin LINNE^PATRICK_I_CERE_2013-12-18 rh pial 
############################


############################
Mon Feb 29 09:13:40 CET 2016
/home/romain/SVN/scripts/romain/QA
/home/global//freesurfer5.3//tktools/tksurfer.bin LINNE^PATRICK_I_CERE_2013-12-18 rh inflated 
############################


############################
Mon Feb 29 09:13:45 CET 2016
/home/romain/SVN/scripts/romain/QA
/home/global//freesurfer5.3//tktools/tksurfer.bin ROLAND^BENEDICTE_I_CERE_2013-12-16 lh pial 
############################


############################
Mon Feb 29 09:13:49 CET 2016
/home/romain/SVN/scripts/romain/QA
/home/global//freesurfer5.3//tktools/tksurfer.bin ROLAND^BENEDICTE_I_CERE_2013-12-16 lh inflated 
############################


############################
Mon Feb 29 09:13:54 CET 2016
/home/romain/SVN/scripts/romain/QA
/home/global//freesurfer5.3//tktools/tksurfer.bin ROLAND^BENEDICTE_I_CERE_2013-12-16 rh pial 
############################


############################
Mon Feb 29 09:13:59 CET 2016
/home/romain/SVN/scripts/romain/QA
/home/global//freesurfer5.3//tktools/tksurfer.bin ROLAND^BENEDICTE_I_CERE_2013-12-16 rh inflated 
############################


############################
Mon Feb 29 09:14:04 CET 2016
/home/romain/SVN/scripts/romain/QA
/home/global//freesurfer5.3//tktools/tksurfer.bin ROZE^AGNES_IRM_CEREBRALE_2014-02-20 lh pial 
############################


############################
Mon Feb 29 09:14:10 CET 2016
/home/romain/SVN/scripts/romain/QA
/home/global//freesurfer5.3//tktools/tksurfer.bin ROZE^AGNES_IRM_CEREBRALE_2014-02-20 lh inflated 
############################


############################
Mon Feb 29 09:14:14 CET 2016
/home/romain/SVN/scripts/romain/QA
/home/global//freesurfer5.3//tktools/tksurfer.bin ROZE^AGNES_IRM_CEREBRALE_2014-02-20 rh pial 
############################


############################
Mon Feb 29 09:14:18 CET 2016
/home/romain/SVN/scripts/romain/QA
/home/global//freesurfer5.3//tktools/tksurfer.bin ROZE^AGNES_IRM_CEREBRALE_2014-02-20 rh inflated 
############################


############################
Mon Feb 29 09:14:22 CET 2016
/home/romain/SVN/scripts/romain/QA
/home/global//freesurfer5.3//tktools/tksurfer.bin WIMETZ^ERIC_I_CERE_2014-02-20 lh pial 
############################


############################
Mon Feb 29 09:14:26 CET 2016
/home/romain/SVN/scripts/romain/QA
/home/global//freesurfer5.3//tktools/tksurfer.bin WIMETZ^ERIC_I_CERE_2014-02-20 lh inflated 
############################


############################
Mon Feb 29 09:14:30 CET 2016
/home/romain/SVN/scripts/romain/QA
/home/global//freesurfer5.3//tktools/tksurfer.bin WIMETZ^ERIC_I_CERE_2014-02-20 rh pial 
############################


############################
Mon Feb 29 09:14:35 CET 2016
/home/romain/SVN/scripts/romain/QA
/home/global//freesurfer5.3//tktools/tksurfer.bin WIMETZ^ERIC_I_CERE_2014-02-20 rh inflated 
############################


############################
Mon Feb 29 09:14:40 CET 2016
/home/romain/SVN/scripts/romain/QA
/home/global//freesurfer5.3//tktools/tksurfer.bin 430314REP200315^X_SUJET_SAIN_2015-03-20 lh pial 
############################


############################
Mon Feb 29 09:14:44 CET 2016
/home/romain/SVN/scripts/romain/QA
/home/global//freesurfer5.3//tktools/tksurfer.bin 430314REP200315^X_SUJET_SAIN_2015-03-20 lh inflated 
############################


############################
Mon Feb 29 09:14:48 CET 2016
/home/romain/SVN/scripts/romain/QA
/home/global//freesurfer5.3//tktools/tksurfer.bin 430314REP200315^X_SUJET_SAIN_2015-03-20 rh pial 
############################


############################
Mon Feb 29 09:14:52 CET 2016
/home/romain/SVN/scripts/romain/QA
/home/global//freesurfer5.3//tktools/tksurfer.bin 430314REP200315^X_SUJET_SAIN_2015-03-20 rh inflated 
############################


############################
Mon Feb 29 09:14:56 CET 2016
/home/romain/SVN/scripts/romain/QA
/home/global//freesurfer5.3//tktools/tksurfer.bin 431025DB260315^X_SUJET_SAIN_2015-03-26 lh pial 
############################


############################
Mon Feb 29 09:15:00 CET 2016
/home/romain/SVN/scripts/romain/QA
/home/global//freesurfer5.3//tktools/tksurfer.bin 431025DB260315^X_SUJET_SAIN_2015-03-26 lh inflated 
############################


############################
Mon Feb 29 09:15:05 CET 2016
/home/romain/SVN/scripts/romain/QA
/home/global//freesurfer5.3//tktools/tksurfer.bin 431025DB260315^X_SUJET_SAIN_2015-03-26 rh pial 
############################


############################
Mon Feb 29 09:15:09 CET 2016
/home/romain/SVN/scripts/romain/QA
/home/global//freesurfer5.3//tktools/tksurfer.bin 431025DB260315^X_SUJET_SAIN_2015-03-26 rh inflated 
############################


############################
Mon Feb 29 09:15:12 CET 2016
/home/romain/SVN/scripts/romain/QA
/home/global//freesurfer5.3//tktools/tksurfer.bin 450211JPB090415^X_SUJET_SAIN_2015-04-09 lh pial 
############################


############################
Mon Feb 29 09:15:17 CET 2016
/home/romain/SVN/scripts/romain/QA
/home/global//freesurfer5.3//tktools/tksurfer.bin 450211JPB090415^X_SUJET_SAIN_2015-04-09 lh inflated 
############################


############################
Mon Feb 29 09:15:20 CET 2016
/home/romain/SVN/scripts/romain/QA
/home/global//freesurfer5.3//tktools/tksurfer.bin 450211JPB090415^X_SUJET_SAIN_2015-04-09 rh pial 
############################


############################
Mon Feb 29 09:15:24 CET 2016
/home/romain/SVN/scripts/romain/QA
/home/global//freesurfer5.3//tktools/tksurfer.bin 450211JPB090415^X_SUJET_SAIN_2015-04-09 rh inflated 
############################


############################
Mon Feb 29 09:15:27 CET 2016
/home/romain/SVN/scripts/romain/QA
/home/global//freesurfer5.3//tktools/tksurfer.bin 470513JCS100415^X_SUJET_SAIN_2015-04-10 lh pial 
############################


############################
Mon Feb 29 09:15:31 CET 2016
/home/romain/SVN/scripts/romain/QA
/home/global//freesurfer5.3//tktools/tksurfer.bin 470513JCS100415^X_SUJET_SAIN_2015-04-10 lh inflated 
############################


############################
Mon Feb 29 09:15:34 CET 2016
/home/romain/SVN/scripts/romain/QA
/home/global//freesurfer5.3//tktools/tksurfer.bin 470513JCS100415^X_SUJET_SAIN_2015-04-10 rh pial 
############################


############################
Mon Feb 29 09:15:38 CET 2016
/home/romain/SVN/scripts/romain/QA
/home/global//freesurfer5.3//tktools/tksurfer.bin 470513JCS100415^X_SUJET_SAIN_2015-04-10 rh inflated 
############################


############################
Mon Feb 29 09:15:41 CET 2016
/home/romain/SVN/scripts/romain/QA
/home/global//freesurfer5.3//tktools/tksurfer.bin 480925DR020415^X_SUJET_SAIN_2015-04-02 lh pial 
############################


############################
Mon Feb 29 09:15:44 CET 2016
/home/romain/SVN/scripts/romain/QA
/home/global//freesurfer5.3//tktools/tksurfer.bin 480925DR020415^X_SUJET_SAIN_2015-04-02 lh inflated 
############################


############################
Mon Feb 29 09:15:48 CET 2016
/home/romain/SVN/scripts/romain/QA
/home/global//freesurfer5.3//tktools/tksurfer.bin 480925DR020415^X_SUJET_SAIN_2015-04-02 rh pial 
############################


############################
Mon Feb 29 09:15:51 CET 2016
/home/romain/SVN/scripts/romain/QA
/home/global//freesurfer5.3//tktools/tksurfer.bin 480925DR020415^X_SUJET_SAIN_2015-04-02 rh inflated 
############################


############################
Mon Feb 29 09:15:54 CET 2016
/home/romain/SVN/scripts/romain/QA
/home/global//freesurfer5.3//tktools/tksurfer.bin 500809PV150115^X_SUJETS_SAINS_2015-01-15 lh pial 
############################


############################
Mon Feb 29 09:15:57 CET 2016
/home/romain/SVN/scripts/romain/QA
/home/global//freesurfer5.3//tktools/tksurfer.bin 500809PV150115^X_SUJETS_SAINS_2015-01-15 lh inflated 
############################


############################
Mon Feb 29 09:16:01 CET 2016
/home/romain/SVN/scripts/romain/QA
/home/global//freesurfer5.3//tktools/tksurfer.bin 500809PV150115^X_SUJETS_SAINS_2015-01-15 rh pial 
############################


############################
Mon Feb 29 09:16:05 CET 2016
/home/romain/SVN/scripts/romain/QA
/home/global//freesurfer5.3//tktools/tksurfer.bin 500809PV150115^X_SUJETS_SAINS_2015-01-15 rh inflated 
############################


############################
Mon Feb 29 09:16:08 CET 2016
/home/romain/SVN/scripts/romain/QA
/home/global//freesurfer5.3//tktools/tksurfer.bin 521105MLS250215^X_SUJET_SAIN_2015-02-24 lh pial 
############################


############################
Mon Feb 29 09:16:11 CET 2016
/home/romain/SVN/scripts/romain/QA
/home/global//freesurfer5.3//tktools/tksurfer.bin 521105MLS250215^X_SUJET_SAIN_2015-02-24 lh inflated 
############################


############################
Mon Feb 29 09:16:15 CET 2016
/home/romain/SVN/scripts/romain/QA
/home/global//freesurfer5.3//tktools/tksurfer.bin 521105MLS250215^X_SUJET_SAIN_2015-02-24 rh pial 
############################


############################
Mon Feb 29 09:16:18 CET 2016
/home/romain/SVN/scripts/romain/QA
/home/global//freesurfer5.3//tktools/tksurfer.bin 521105MLS250215^X_SUJET_SAIN_2015-02-24 rh inflated 
############################


############################
Mon Feb 29 09:16:21 CET 2016
/home/romain/SVN/scripts/romain/QA
/home/global//freesurfer5.3//tktools/tksurfer.bin 521220AMT080114^X_SUJET_SAINS_2015-01-08 lh pial 
############################


############################
Mon Feb 29 09:16:24 CET 2016
/home/romain/SVN/scripts/romain/QA
/home/global//freesurfer5.3//tktools/tksurfer.bin 521220AMT080114^X_SUJET_SAINS_2015-01-08 lh inflated 
############################


############################
Mon Feb 29 09:16:28 CET 2016
/home/romain/SVN/scripts/romain/QA
/home/global//freesurfer5.3//tktools/tksurfer.bin 521220AMT080114^X_SUJET_SAINS_2015-01-08 rh pial 
############################


############################
Mon Feb 29 09:16:31 CET 2016
/home/romain/SVN/scripts/romain/QA
/home/global//freesurfer5.3//tktools/tksurfer.bin 521220AMT080114^X_SUJET_SAINS_2015-01-08 rh inflated 
############################


############################
Mon Feb 29 09:16:34 CET 2016
/home/romain/SVN/scripts/romain/QA
/home/global//freesurfer5.3//tktools/tksurfer.bin 550119MD090315^X_SUJET_SAIN_2015-03-09 lh pial 
############################


############################
Mon Feb 29 09:16:38 CET 2016
/home/romain/SVN/scripts/romain/QA
/home/global//freesurfer5.3//tktools/tksurfer.bin 550119MD090315^X_SUJET_SAIN_2015-03-09 lh inflated 
############################


############################
Mon Feb 29 09:16:41 CET 2016
/home/romain/SVN/scripts/romain/QA
/home/global//freesurfer5.3//tktools/tksurfer.bin 550119MD090315^X_SUJET_SAIN_2015-03-09 rh pial 
############################


############################
Mon Feb 29 09:16:44 CET 2016
/home/romain/SVN/scripts/romain/QA
/home/global//freesurfer5.3//tktools/tksurfer.bin 550119MD090315^X_SUJET_SAIN_2015-03-09 rh inflated 
############################


############################
Mon Feb 29 09:16:47 CET 2016
/home/romain/SVN/scripts/romain/QA
/home/global//freesurfer5.3//tktools/tksurfer.bin 561112EC250315^X_SUJET_SAIN_2015-03-25 lh pial 
############################


############################
Mon Feb 29 09:16:51 CET 2016
/home/romain/SVN/scripts/romain/QA
/home/global//freesurfer5.3//tktools/tksurfer.bin 561112EC250315^X_SUJET_SAIN_2015-03-25 lh inflated 
############################


############################
Mon Feb 29 09:16:54 CET 2016
/home/romain/SVN/scripts/romain/QA
/home/global//freesurfer5.3//tktools/tksurfer.bin 561112EC250315^X_SUJET_SAIN_2015-03-25 rh pial 
############################


############################
Mon Feb 29 09:16:57 CET 2016
/home/romain/SVN/scripts/romain/QA
/home/global//freesurfer5.3//tktools/tksurfer.bin 561112EC250315^X_SUJET_SAIN_2015-03-25 rh inflated 
############################


############################
Mon Feb 29 09:17:00 CET 2016
/home/romain/SVN/scripts/romain/QA
/home/global//freesurfer5.3//tktools/tksurfer.bin 420217MM160211_PARKIMPULSE_2011-02-16 lh pial 
############################


############################
Mon Feb 29 09:17:04 CET 2016
/home/romain/SVN/scripts/romain/QA
/home/global//freesurfer5.3//tktools/tksurfer.bin 420217MM160211_PARKIMPULSE_2011-02-16 lh inflated 
############################


############################
Mon Feb 29 09:17:07 CET 2016
/home/romain/SVN/scripts/romain/QA
/home/global//freesurfer5.3//tktools/tksurfer.bin 420217MM160211_PARKIMPULSE_2011-02-16 rh pial 
############################


############################
Mon Feb 29 09:17:10 CET 2016
/home/romain/SVN/scripts/romain/QA
/home/global//freesurfer5.3//tktools/tksurfer.bin 420217MM160211_PARKIMPULSE_2011-02-16 rh inflated 
############################


############################
Mon Feb 29 09:17:13 CET 2016
/home/romain/SVN/scripts/romain/QA
/home/global//freesurfer5.3//tktools/tksurfer.bin 460506PB270415^X_SUJET_SAIN_2015-04-27 lh pial 
############################


############################
Mon Feb 29 09:17:17 CET 2016
/home/romain/SVN/scripts/romain/QA
/home/global//freesurfer5.3//tktools/tksurfer.bin 460506PB270415^X_SUJET_SAIN_2015-04-27 lh inflated 
############################


############################
Mon Feb 29 09:17:20 CET 2016
/home/romain/SVN/scripts/romain/QA
/home/global//freesurfer5.3//tktools/tksurfer.bin 460506PB270415^X_SUJET_SAIN_2015-04-27 rh pial 
############################


############################
Mon Feb 29 09:17:23 CET 2016
/home/romain/SVN/scripts/romain/QA
/home/global//freesurfer5.3//tktools/tksurfer.bin 460506PB270415^X_SUJET_SAIN_2015-04-27 rh inflated 
############################


############################
Mon Feb 29 09:17:26 CET 2016
/home/romain/SVN/scripts/romain/QA
/home/global//freesurfer5.3//tktools/tksurfer.bin 460528CP210211_PARKIMPULSE_2011-02-21 lh pial 
############################


############################
Mon Feb 29 09:17:29 CET 2016
/home/romain/SVN/scripts/romain/QA
/home/global//freesurfer5.3//tktools/tksurfer.bin 460528CP210211_PARKIMPULSE_2011-02-21 lh inflated 
############################


############################
Mon Feb 29 09:17:32 CET 2016
/home/romain/SVN/scripts/romain/QA
/home/global//freesurfer5.3//tktools/tksurfer.bin 460528CP210211_PARKIMPULSE_2011-02-21 rh pial 
############################


############################
Mon Feb 29 09:17:36 CET 2016
/home/romain/SVN/scripts/romain/QA
/home/global//freesurfer5.3//tktools/tksurfer.bin 460528CP210211_PARKIMPULSE_2011-02-21 rh inflated 
############################


############################
Mon Feb 29 09:17:39 CET 2016
/home/romain/SVN/scripts/romain/QA
/home/global//freesurfer5.3//tktools/tksurfer.bin 471015MB110213 lh pial 
############################


############################
Mon Feb 29 09:17:42 CET 2016
/home/romain/SVN/scripts/romain/QA
/home/global//freesurfer5.3//tktools/tksurfer.bin 471015MB110213 lh inflated 
############################


############################
Mon Feb 29 09:17:45 CET 2016
/home/romain/SVN/scripts/romain/QA
/home/global//freesurfer5.3//tktools/tksurfer.bin 471015MB110213 rh pial 
############################


############################
Mon Feb 29 09:17:48 CET 2016
/home/romain/SVN/scripts/romain/QA
/home/global//freesurfer5.3//tktools/tksurfer.bin 471015MB110213 rh inflated 
############################


############################
Mon Feb 29 09:17:51 CET 2016
/home/romain/SVN/scripts/romain/QA
/home/global//freesurfer5.3//tktools/tksurfer.bin 480501DS050613 lh pial 
############################


############################
Mon Feb 29 09:17:55 CET 2016
/home/romain/SVN/scripts/romain/QA
/home/global//freesurfer5.3//tktools/tksurfer.bin 480501DS050613 lh inflated 
############################


############################
Mon Feb 29 09:17:58 CET 2016
/home/romain/SVN/scripts/romain/QA
/home/global//freesurfer5.3//tktools/tksurfer.bin 480501DS050613 rh pial 
############################


############################
Mon Feb 29 09:18:02 CET 2016
/home/romain/SVN/scripts/romain/QA
/home/global//freesurfer5.3//tktools/tksurfer.bin 480501DS050613 rh inflated 
############################


############################
Mon Feb 29 09:18:05 CET 2016
/home/romain/SVN/scripts/romain/QA
/home/global//freesurfer5.3//tktools/tksurfer.bin 481009AVH_20130408 lh pial 
############################


############################
Mon Feb 29 09:18:08 CET 2016
/home/romain/SVN/scripts/romain/QA
/home/global//freesurfer5.3//tktools/tksurfer.bin 481009AVH_20130408 lh inflated 
############################


############################
Mon Feb 29 09:18:11 CET 2016
/home/romain/SVN/scripts/romain/QA
/home/global//freesurfer5.3//tktools/tksurfer.bin 481009AVH_20130408 rh pial 
############################


############################
Mon Feb 29 09:18:14 CET 2016
/home/romain/SVN/scripts/romain/QA
/home/global//freesurfer5.3//tktools/tksurfer.bin 481009AVH_20130408 rh inflated 
############################


############################
Mon Feb 29 09:18:17 CET 2016
/home/romain/SVN/scripts/romain/QA
/home/global//freesurfer5.3//tktools/tksurfer.bin 500526MG200715^X_SUJET_SAIN_2015-07-20 lh pial 
############################


############################
Mon Feb 29 09:18:20 CET 2016
/home/romain/SVN/scripts/romain/QA
/home/global//freesurfer5.3//tktools/tksurfer.bin 500526MG200715^X_SUJET_SAIN_2015-07-20 lh inflated 
############################


############################
Mon Feb 29 09:18:23 CET 2016
/home/romain/SVN/scripts/romain/QA
/home/global//freesurfer5.3//tktools/tksurfer.bin 500526MG200715^X_SUJET_SAIN_2015-07-20 rh pial 
############################


############################
Mon Feb 29 09:18:26 CET 2016
/home/romain/SVN/scripts/romain/QA
/home/global//freesurfer5.3//tktools/tksurfer.bin 500526MG200715^X_SUJET_SAIN_2015-07-20 rh inflated 
############################


############################
Mon Feb 29 09:18:29 CET 2016
/home/romain/SVN/scripts/romain/QA
/home/global//freesurfer5.3//tktools/tksurfer.bin 510104BK160311_PARKIMPULSE_2011-03-16 lh pial 
############################


############################
Mon Feb 29 09:18:33 CET 2016
/home/romain/SVN/scripts/romain/QA
/home/global//freesurfer5.3//tktools/tksurfer.bin 510104BK160311_PARKIMPULSE_2011-03-16 lh inflated 
############################


############################
Mon Feb 29 09:18:36 CET 2016
/home/romain/SVN/scripts/romain/QA
/home/global//freesurfer5.3//tktools/tksurfer.bin 510104BK160311_PARKIMPULSE_2011-03-16 rh pial 
############################


############################
Mon Feb 29 09:18:39 CET 2016
/home/romain/SVN/scripts/romain/QA
/home/global//freesurfer5.3//tktools/tksurfer.bin 510104BK160311_PARKIMPULSE_2011-03-16 rh inflated 
############################


############################
Mon Feb 29 09:18:43 CET 2016
/home/romain/SVN/scripts/romain/QA
/home/global//freesurfer5.3//tktools/tksurfer.bin 580118BL250511_parkimpulse_2011-05-25 lh pial 
############################


############################
Mon Feb 29 09:18:46 CET 2016
/home/romain/SVN/scripts/romain/QA
/home/global//freesurfer5.3//tktools/tksurfer.bin 580118BL250511_parkimpulse_2011-05-25 lh inflated 
############################


############################
Mon Feb 29 09:18:49 CET 2016
/home/romain/SVN/scripts/romain/QA
/home/global//freesurfer5.3//tktools/tksurfer.bin 580118BL250511_parkimpulse_2011-05-25 rh pial 
############################


############################
Mon Feb 29 09:18:53 CET 2016
/home/romain/SVN/scripts/romain/QA
/home/global//freesurfer5.3//tktools/tksurfer.bin 580118BL250511_parkimpulse_2011-05-25 rh inflated 
############################


############################
Mon Feb 29 09:18:56 CET 2016
/home/romain/SVN/scripts/romain/QA
/home/global//freesurfer5.3//tktools/tksurfer.bin 610718DR241214^X_SUJET_SAIN_2014-12-24 lh pial 
############################


############################
Mon Feb 29 09:19:00 CET 2016
/home/romain/SVN/scripts/romain/QA
/home/global//freesurfer5.3//tktools/tksurfer.bin 610718DR241214^X_SUJET_SAIN_2014-12-24 lh inflated 
############################


############################
Mon Feb 29 09:19:03 CET 2016
/home/romain/SVN/scripts/romain/QA
/home/global//freesurfer5.3//tktools/tksurfer.bin 610718DR241214^X_SUJET_SAIN_2014-12-24 rh pial 
############################


############################
Mon Feb 29 09:19:07 CET 2016
/home/romain/SVN/scripts/romain/QA
/home/global//freesurfer5.3//tktools/tksurfer.bin 610718DR241214^X_SUJET_SAIN_2014-12-24 rh inflated 
############################


############################
Mon Feb 29 09:19:10 CET 2016
/home/romain/SVN/scripts/romain/QA
/home/global//freesurfer5.3//tktools/tksurfer.bin 650226CV190215 lh pial 
############################


############################
Mon Feb 29 09:19:13 CET 2016
/home/romain/SVN/scripts/romain/QA
/home/global//freesurfer5.3//tktools/tksurfer.bin 650226CV190215 lh inflated 
############################


############################
Mon Feb 29 09:19:16 CET 2016
/home/romain/SVN/scripts/romain/QA
/home/global//freesurfer5.3//tktools/tksurfer.bin 650226CV190215 rh pial 
############################


############################
Mon Feb 29 09:19:20 CET 2016
/home/romain/SVN/scripts/romain/QA
/home/global//freesurfer5.3//tktools/tksurfer.bin 650226CV190215 rh inflated 
############################
